0 info it worked if it ends with ok
1 verbose cli [ 'C:\\Program Files\\nodejs\\\\node.exe',
1 verbose cli   'C:\\Program Files\\nodejs\\node_modules\\npm\\bin\\npm-cli.js',
1 verbose cli   'install',
1 verbose cli   '-g' ]
2 info using npm@1.3.8
3 info using node@v0.10.16
4 verbose node symlink C:\Program Files\nodejs\\node.exe
5 verbose cache add [ '.', null ]
6 verbose cache add name=undefined spec="." args=[".",null]
7 verbose parsed url { protocol: null,
7 verbose parsed url   slashes: null,
7 verbose parsed url   auth: null,
7 verbose parsed url   host: null,
7 verbose parsed url   port: null,
7 verbose parsed url   hostname: null,
7 verbose parsed url   hash: null,
7 verbose parsed url   search: null,
7 verbose parsed url   query: null,
7 verbose parsed url   pathname: '.',
7 verbose parsed url   path: '.',
7 verbose parsed url   href: '.' }
8 silly lockFile 3a52ce78- .
9 verbose lock . C:\Users\GAZ\AppData\Roaming\npm-cache\3a52ce78-.lock
10 silly lockFile 3a52ce78- .
11 silly lockFile 3a52ce78- .
12 error addLocal Could not install .
13 error Error: No version provided
13 error     at needVersion (C:\Program Files\nodejs\node_modules\npm\lib\cache.js:1238:40)
13 error     at C:\Program Files\nodejs\node_modules\npm\lib\cache.js:1112:10
13 error     at C:\Program Files\nodejs\node_modules\npm\node_modules\read-package-json\read-json.js:50:40
13 error     at final (C:\Program Files\nodejs\node_modules\npm\node_modules\read-package-json\read-json.js:317:17)
13 error     at then (C:\Program Files\nodejs\node_modules\npm\node_modules\read-package-json\read-json.js:124:33)
13 error     at C:\Program Files\nodejs\node_modules\npm\node_modules\read-package-json\read-json.js:299:40
13 error     at fs.js:266:14
13 error     at C:\Program Files\nodejs\node_modules\npm\node_modules\graceful-fs\graceful-fs.js:103:5
13 error     at Object.oncomplete (fs.js:107:15)
14 error If you need help, you may report this log at:
14 error     <http://github.com/isaacs/npm/issues>
14 error or email it to:
14 error     <npm-@googlegroups.com>
15 error System Windows_NT 6.1.7601
16 error command "C:\\Program Files\\nodejs\\\\node.exe" "C:\\Program Files\\nodejs\\node_modules\\npm\\bin\\npm-cli.js" "install" "-g"
17 error cwd C:\wamp\www\norogum
18 error node -v v0.10.16
19 error npm -v 1.3.8
20 verbose exit [ 1, true ]
